HTTP_PORT=8000
HTTPS_PORT=8443
TZ=Europe/Stockholm
PUBLIC_URL=https://meet.kullgarden.eu
JVB_STUN_SERVERS=stun.l.google.com:19302, stun1.l.google.com:19302, stun2.l.google.com:19302
TURN_CREDENTIALS=pelle
TURN_HOST=turn.kullgarden.eu
TURNS_HOST=turn.kullgarden.eu
TURN_PORT=5349
TURNS_PORT=5349
TURN_TRANSPORT=TCP
JVB_ADVERTISE_IPS=172.18.0.1,1.2.3.4
RESOLUTION=720
RESOLUTION_MIN=180
#RESOLUTION_WIDTH=1280
#RESOLUTION_WIDTH_MIN=320
ENABLE_CODEC_VP9=true
ENABLE_CODEC_H264=false
ENABLE_CODEC_VP8=true
VIDEOQUALITY_PREFERRED_CODEC=VP9
#VIDEOQUALITY_BITRATE_H264_LOW
#VIDEOQUALITY_BITRATE_H264_STANDARD
#VIDEOQUALITY_BITRATE_H264_HIGH
VIDEOQUALITY_BITRATE_VP8_LOW=1000000
VIDEOQUALITY_BITRATE_VP8_STANDARD=1200000
VIDEOQUALITY_BITRATE_VP8_HIGH=1500000
VIDEOQUALITY_BITRATE_VP9_LOW=1000000
VIDEOQUALITY_BITRATE_VP9_STANDARD=1200000
VIDEOQUALITY_BITRATE_VP9_HIGH=1500000

ENABLE_P2P=true
P2P_PREFERRED_CODEC=VP9

DESKTOP_SHARING_FRAMERATE_MIN=30
DESKTOP_SHARING_FRAMERATE_MAX=30
